2020-09-06 4:33:06 - PHP Warning:  mail(): Failed to connect to mailserver at &quot;localhost&quot; port 25, verify your &quot;SMTP&quot; and &quot;smtp_port&quot; setting in php.ini or use ini_set() in C:\xampp\htdocs\himommy\system\library\mail\mail.php on line 77
2020-09-06 4:33:08 - PHP Warning:  mail(): Failed to connect to mailserver at &quot;localhost&quot; port 25, verify your &quot;SMTP&quot; and &quot;smtp_port&quot; setting in php.ini or use ini_set() in C:\xampp\htdocs\himommy\system\library\mail\mail.php on line 77
2021-10-13 16:00:20 - PHP Warning:  mail(): Failed to connect to mailserver at &quot;localhost&quot; port 25, verify your &quot;SMTP&quot; and &quot;smtp_port&quot; setting in php.ini or use ini_set() in C:\xampp\htdocs\himommy\system\library\mail\mail.php on line 77
2021-10-13 16:00:22 - PHP Warning:  mail(): Failed to connect to mailserver at &quot;localhost&quot; port 25, verify your &quot;SMTP&quot; and &quot;smtp_port&quot; setting in php.ini or use ini_set() in C:\xampp\htdocs\himommy\system\library\mail\mail.php on line 77
2021-10-14 15:10:55 - PHP Notice:  Undefined variable: url in C:\xampp\htdocs\himommy\admin\controller\report\expenditure.php on line 28
2021-10-14 15:36:54 - PHP Notice:  Undefined variable: url in C:\xampp\htdocs\himommy\admin\controller\report\expenditure.php on line 28
2021-10-14 15:37:39 - PHP Notice:  Undefined variable: url in C:\xampp\htdocs\himommy\admin\controller\report\expenditure.php on line 28
2021-10-14 15:37:48 - PHP Notice:  Undefined variable: url in C:\xampp\htdocs\himommy\admin\controller\report\expenditure.php on line 28
2021-10-17 7:23:12 - PHP Warning:  mail(): Failed to connect to mailserver at &quot;localhost&quot; port 25, verify your &quot;SMTP&quot; and &quot;smtp_port&quot; setting in php.ini or use ini_set() in C:\xampp\htdocs\himommy\system\library\mail\mail.php on line 77
2021-10-17 7:23:14 - PHP Warning:  mail(): Failed to connect to mailserver at &quot;localhost&quot; port 25, verify your &quot;SMTP&quot; and &quot;smtp_port&quot; setting in php.ini or use ini_set() in C:\xampp\htdocs\himommy\system\library\mail\mail.php on line 77
2021-10-17 7:45:41 - PHP Warning:  mail(): Failed to connect to mailserver at &quot;localhost&quot; port 25, verify your &quot;SMTP&quot; and &quot;smtp_port&quot; setting in php.ini or use ini_set() in C:\xampp\htdocs\himommy\system\library\mail\mail.php on line 77
2021-10-17 7:45:43 - PHP Warning:  mail(): Failed to connect to mailserver at &quot;localhost&quot; port 25, verify your &quot;SMTP&quot; and &quot;smtp_port&quot; setting in php.ini or use ini_set() in C:\xampp\htdocs\himommy\system\library\mail\mail.php on line 77
2021-10-17 14:12:37 - PHP Notice:  Undefined index: product_id in C:\xampp\htdocs\himommy\admin\controller\catalog\product.php on line 1348
2021-10-17 14:12:37 - PHP Notice:  Undefined index: product_id in C:\xampp\htdocs\himommy\admin\controller\catalog\product.php on line 1383
2021-10-17 14:12:37 - PHP Notice:  Undefined index: name in C:\xampp\htdocs\himommy\admin\controller\catalog\product.php on line 1384
2021-10-17 14:12:37 - PHP Notice:  Undefined index: model in C:\xampp\htdocs\himommy\admin\controller\catalog\product.php on line 1385
2021-10-17 14:12:37 - PHP Notice:  Undefined index: price in C:\xampp\htdocs\himommy\admin\controller\catalog\product.php on line 1387
2021-10-17 14:12:37 - PHP Notice:  Undefined index: product_id in C:\xampp\htdocs\himommy\admin\controller\catalog\product.php on line 1348
2021-10-17 14:12:37 - PHP Notice:  Undefined index: product_id in C:\xampp\htdocs\himommy\admin\controller\catalog\product.php on line 1383
2021-10-17 14:12:37 - PHP Notice:  Undefined index: name in C:\xampp\htdocs\himommy\admin\controller\catalog\product.php on line 1384
2021-10-17 14:12:37 - PHP Notice:  Undefined index: model in C:\xampp\htdocs\himommy\admin\controller\catalog\product.php on line 1385
2021-10-17 14:12:37 - PHP Notice:  Undefined index: price in C:\xampp\htdocs\himommy\admin\controller\catalog\product.php on line 1387
2021-10-17 14:12:37 - PHP Notice:  Undefined index: product_id in C:\xampp\htdocs\himommy\admin\controller\catalog\product.php on line 1348
2021-10-17 14:12:37 - PHP Notice:  Undefined index: product_id in C:\xampp\htdocs\himommy\admin\controller\catalog\product.php on line 1383
2021-10-17 14:12:37 - PHP Notice:  Undefined index: name in C:\xampp\htdocs\himommy\admin\controller\catalog\product.php on line 1384
2021-10-17 14:12:37 - PHP Notice:  Undefined index: model in C:\xampp\htdocs\himommy\admin\controller\catalog\product.php on line 1385
2021-10-17 14:12:37 - PHP Notice:  Undefined index: price in C:\xampp\htdocs\himommy\admin\controller\catalog\product.php on line 1387
2021-10-17 14:12:37 - PHP Notice:  Undefined index: product_id in C:\xampp\htdocs\himommy\admin\controller\catalog\product.php on line 1348
2021-10-17 14:12:37 - PHP Notice:  Undefined index: product_id in C:\xampp\htdocs\himommy\admin\controller\catalog\product.php on line 1383
2021-10-17 14:12:37 - PHP Notice:  Undefined index: name in C:\xampp\htdocs\himommy\admin\controller\catalog\product.php on line 1384
2021-10-17 14:12:37 - PHP Notice:  Undefined index: model in C:\xampp\htdocs\himommy\admin\controller\catalog\product.php on line 1385
2021-10-17 14:12:37 - PHP Notice:  Undefined index: price in C:\xampp\htdocs\himommy\admin\controller\catalog\product.php on line 1387
2021-10-17 14:12:37 - PHP Notice:  Undefined index: product_id in C:\xampp\htdocs\himommy\admin\controller\catalog\product.php on line 1348
2021-10-17 14:12:37 - PHP Notice:  Undefined index: product_id in C:\xampp\htdocs\himommy\admin\controller\catalog\product.php on line 1383
2021-10-17 14:12:37 - PHP Notice:  Undefined index: name in C:\xampp\htdocs\himommy\admin\controller\catalog\product.php on line 1384
2021-10-17 14:12:37 - PHP Notice:  Undefined index: model in C:\xampp\htdocs\himommy\admin\controller\catalog\product.php on line 1385
2021-10-17 14:12:37 - PHP Notice:  Undefined index: price in C:\xampp\htdocs\himommy\admin\controller\catalog\product.php on line 1387
2021-10-17 14:12:37 - PHP Notice:  Undefined index: product_id in C:\xampp\htdocs\himommy\admin\controller\catalog\product.php on line 1348
2021-10-17 14:12:37 - PHP Notice:  Undefined index: product_id in C:\xampp\htdocs\himommy\admin\controller\catalog\product.php on line 1383
2021-10-17 14:12:37 - PHP Notice:  Undefined index: name in C:\xampp\htdocs\himommy\admin\controller\catalog\product.php on line 1384
2021-10-17 14:12:37 - PHP Notice:  Undefined index: model in C:\xampp\htdocs\himommy\admin\controller\catalog\product.php on line 1385
2021-10-17 14:12:37 - PHP Notice:  Undefined index: price in C:\xampp\htdocs\himommy\admin\controller\catalog\product.php on line 1387
2021-10-17 14:12:43 - PHP Notice:  Undefined index: product_id in C:\xampp\htdocs\himommy\admin\controller\catalog\product.php on line 1348
2021-10-17 14:12:43 - PHP Notice:  Undefined index: product_id in C:\xampp\htdocs\himommy\admin\controller\catalog\product.php on line 1383
2021-10-17 14:12:43 - PHP Notice:  Undefined index: name in C:\xampp\htdocs\himommy\admin\controller\catalog\product.php on line 1384
2021-10-17 14:12:43 - PHP Notice:  Undefined index: model in C:\xampp\htdocs\himommy\admin\controller\catalog\product.php on line 1385
2021-10-17 14:12:43 - PHP Notice:  Undefined index: price in C:\xampp\htdocs\himommy\admin\controller\catalog\product.php on line 1387
2021-10-17 14:13:37 - PHP Notice:  Undefined index: product_id in C:\xampp\htdocs\himommy\admin\controller\catalog\product.php on line 1354
2021-10-17 14:13:37 - PHP Notice:  Undefined index: product_id in C:\xampp\htdocs\himommy\admin\controller\catalog\product.php on line 1389
2021-10-17 14:13:37 - PHP Notice:  Undefined index: name in C:\xampp\htdocs\himommy\admin\controller\catalog\product.php on line 1390
2021-10-17 14:13:37 - PHP Notice:  Undefined index: model in C:\xampp\htdocs\himommy\admin\controller\catalog\product.php on line 1391
2021-10-17 14:13:37 - PHP Notice:  Undefined index: price in C:\xampp\htdocs\himommy\admin\controller\catalog\product.php on line 1393
2021-10-17 14:13:38 - PHP Notice:  Undefined index: product_id in C:\xampp\htdocs\himommy\admin\controller\catalog\product.php on line 1354
2021-10-17 14:13:38 - PHP Notice:  Undefined index: product_id in C:\xampp\htdocs\himommy\admin\controller\catalog\product.php on line 1389
2021-10-17 14:13:38 - PHP Notice:  Undefined index: name in C:\xampp\htdocs\himommy\admin\controller\catalog\product.php on line 1390
2021-10-17 14:13:38 - PHP Notice:  Undefined index: model in C:\xampp\htdocs\himommy\admin\controller\catalog\product.php on line 1391
2021-10-17 14:13:38 - PHP Notice:  Undefined index: price in C:\xampp\htdocs\himommy\admin\controller\catalog\product.php on line 1393
2021-10-17 14:14:06 - PHP Notice:  Undefined index: product_id in C:\xampp\htdocs\himommy\admin\controller\catalog\product.php on line 1354
2021-10-17 14:14:06 - PHP Notice:  Undefined index: product_id in C:\xampp\htdocs\himommy\admin\controller\catalog\product.php on line 1389
2021-10-17 14:14:06 - PHP Notice:  Undefined index: name in C:\xampp\htdocs\himommy\admin\controller\catalog\product.php on line 1390
2021-10-17 14:14:06 - PHP Notice:  Undefined index: model in C:\xampp\htdocs\himommy\admin\controller\catalog\product.php on line 1391
2021-10-17 14:14:06 - PHP Notice:  Undefined index: price in C:\xampp\htdocs\himommy\admin\controller\catalog\product.php on line 1393
2021-10-17 14:15:09 - PHP Notice:  Undefined index: product_id in C:\xampp\htdocs\himommy\admin\controller\catalog\product.php on line 1354
2021-10-17 14:15:09 - PHP Notice:  Undefined index: product_id in C:\xampp\htdocs\himommy\admin\controller\catalog\product.php on line 1389
2021-10-17 14:15:09 - PHP Notice:  Undefined index: name in C:\xampp\htdocs\himommy\admin\controller\catalog\product.php on line 1390
2021-10-17 14:15:09 - PHP Notice:  Undefined index: model in C:\xampp\htdocs\himommy\admin\controller\catalog\product.php on line 1391
2021-10-17 14:15:09 - PHP Notice:  Undefined index: price in C:\xampp\htdocs\himommy\admin\controller\catalog\product.php on line 1393
2021-10-17 14:17:29 - PHP Notice:  Undefined index: product_id in C:\xampp\htdocs\himommy\admin\controller\catalog\product.php on line 1354
2021-10-17 14:17:29 - PHP Notice:  Undefined index: product_id in C:\xampp\htdocs\himommy\admin\controller\catalog\product.php on line 1389
2021-10-17 14:17:29 - PHP Notice:  Undefined index: name in C:\xampp\htdocs\himommy\admin\controller\catalog\product.php on line 1390
2021-10-17 14:17:29 - PHP Notice:  Undefined index: model in C:\xampp\htdocs\himommy\admin\controller\catalog\product.php on line 1391
2021-10-17 14:17:29 - PHP Notice:  Undefined index: price in C:\xampp\htdocs\himommy\admin\controller\catalog\product.php on line 1393
2021-10-17 14:17:29 - PHP Notice:  Undefined index: product_id in C:\xampp\htdocs\himommy\admin\controller\catalog\product.php on line 1354
2021-10-17 14:17:29 - PHP Notice:  Undefined index: product_id in C:\xampp\htdocs\himommy\admin\controller\catalog\product.php on line 1389
2021-10-17 14:17:29 - PHP Notice:  Undefined index: name in C:\xampp\htdocs\himommy\admin\controller\catalog\product.php on line 1390
2021-10-17 14:17:29 - PHP Notice:  Undefined index: model in C:\xampp\htdocs\himommy\admin\controller\catalog\product.php on line 1391
2021-10-17 14:17:29 - PHP Notice:  Undefined index: price in C:\xampp\htdocs\himommy\admin\controller\catalog\product.php on line 1393
2021-10-17 14:17:38 - PHP Notice:  Undefined index: product_id in C:\xampp\htdocs\himommy\admin\controller\catalog\product.php on line 1354
2021-10-17 14:17:38 - PHP Notice:  Undefined index: product_id in C:\xampp\htdocs\himommy\admin\controller\catalog\product.php on line 1389
2021-10-17 14:17:38 - PHP Notice:  Undefined index: name in C:\xampp\htdocs\himommy\admin\controller\catalog\product.php on line 1390
2021-10-17 14:17:38 - PHP Notice:  Undefined index: model in C:\xampp\htdocs\himommy\admin\controller\catalog\product.php on line 1391
2021-10-17 14:17:38 - PHP Notice:  Undefined index: price in C:\xampp\htdocs\himommy\admin\controller\catalog\product.php on line 1393
2021-10-17 14:21:56 - PHP Notice:  Undefined index: product_id in C:\xampp\htdocs\himommy\admin\controller\catalog\product.php on line 1354
2021-10-17 14:21:56 - PHP Notice:  Undefined index: product_id in C:\xampp\htdocs\himommy\admin\controller\catalog\product.php on line 1389
2021-10-17 14:21:56 - PHP Notice:  Undefined index: name in C:\xampp\htdocs\himommy\admin\controller\catalog\product.php on line 1390
2021-10-17 14:21:56 - PHP Notice:  Undefined index: model in C:\xampp\htdocs\himommy\admin\controller\catalog\product.php on line 1391
2021-10-17 14:21:56 - PHP Notice:  Undefined index: price in C:\xampp\htdocs\himommy\admin\controller\catalog\product.php on line 1393
2021-10-17 14:22:19 - PHP Notice:  Undefined index: product_id in C:\xampp\htdocs\himommy\admin\controller\catalog\product.php on line 1354
2021-10-17 14:22:19 - PHP Notice:  Undefined index: product_id in C:\xampp\htdocs\himommy\admin\controller\catalog\product.php on line 1389
2021-10-17 14:22:19 - PHP Notice:  Undefined index: name in C:\xampp\htdocs\himommy\admin\controller\catalog\product.php on line 1390
2021-10-17 14:22:19 - PHP Notice:  Undefined index: model in C:\xampp\htdocs\himommy\admin\controller\catalog\product.php on line 1391
2021-10-17 14:22:19 - PHP Notice:  Undefined index: price in C:\xampp\htdocs\himommy\admin\controller\catalog\product.php on line 1393
2021-10-17 14:22:40 - PHP Notice:  Undefined index: product_id in C:\xampp\htdocs\himommy\admin\controller\catalog\product.php on line 1354
2021-10-17 14:22:40 - PHP Notice:  Undefined index: product_id in C:\xampp\htdocs\himommy\admin\controller\catalog\product.php on line 1389
2021-10-17 14:22:40 - PHP Notice:  Undefined index: name in C:\xampp\htdocs\himommy\admin\controller\catalog\product.php on line 1390
2021-10-17 14:22:40 - PHP Notice:  Undefined index: model in C:\xampp\htdocs\himommy\admin\controller\catalog\product.php on line 1391
2021-10-17 14:22:40 - PHP Notice:  Undefined index: price in C:\xampp\htdocs\himommy\admin\controller\catalog\product.php on line 1393
2021-10-17 14:30:17 - PHP Notice:  Undefined offset: 0 in C:\xampp\htdocs\himommy\admin\controller\catalog\product.php on line 1344
2021-10-17 14:36:02 - PHP Notice:  Undefined offset: 0 in C:\xampp\htdocs\himommy\admin\controller\catalog\product.php on line 1344
2021-10-17 14:36:02 - PHP Notice:  Undefined offset: 0 in C:\xampp\htdocs\himommy\admin\controller\catalog\product.php on line 1344
2021-10-17 14:36:02 - PHP Notice:  Undefined offset: 0 in C:\xampp\htdocs\himommy\admin\controller\catalog\product.php on line 1344
2021-10-17 14:36:02 - PHP Notice:  Undefined offset: 0 in C:\xampp\htdocs\himommy\admin\controller\catalog\product.php on line 1344
2021-10-17 14:36:02 - PHP Notice:  Undefined offset: 0 in C:\xampp\htdocs\himommy\admin\controller\catalog\product.php on line 1344
2021-10-17 14:36:02 - PHP Notice:  Undefined offset: 0 in C:\xampp\htdocs\himommy\admin\controller\catalog\product.php on line 1344
2021-10-17 14:36:02 - PHP Notice:  Undefined offset: 0 in C:\xampp\htdocs\himommy\admin\controller\catalog\product.php on line 1344
2021-10-17 14:37:42 - PHP Notice:  Undefined offset: 0 in C:\xampp\htdocs\himommy\admin\controller\catalog\product.php on line 1344
2021-10-17 14:37:42 - PHP Notice:  Undefined offset: 0 in C:\xampp\htdocs\himommy\admin\controller\catalog\product.php on line 1344
2021-10-17 14:37:42 - PHP Notice:  Undefined offset: 0 in C:\xampp\htdocs\himommy\admin\controller\catalog\product.php on line 1344
2021-10-17 14:37:42 - PHP Notice:  Undefined offset: 0 in C:\xampp\htdocs\himommy\admin\controller\catalog\product.php on line 1344
2021-10-17 14:37:42 - PHP Notice:  Undefined offset: 0 in C:\xampp\htdocs\himommy\admin\controller\catalog\product.php on line 1344
2021-10-17 14:37:42 - PHP Notice:  Undefined offset: 0 in C:\xampp\htdocs\himommy\admin\controller\catalog\product.php on line 1344
2021-10-17 14:37:42 - PHP Notice:  Undefined offset: 0 in C:\xampp\htdocs\himommy\admin\controller\catalog\product.php on line 1344
2021-10-17 14:39:05 - PHP Notice:  Undefined offset: 0 in C:\xampp\htdocs\himommy\admin\controller\catalog\product.php on line 1344
2021-10-17 14:39:05 - PHP Notice:  Undefined offset: 0 in C:\xampp\htdocs\himommy\admin\controller\catalog\product.php on line 1344
2021-10-17 14:39:06 - PHP Notice:  Undefined offset: 0 in C:\xampp\htdocs\himommy\admin\controller\catalog\product.php on line 1344
2021-10-17 14:39:06 - PHP Notice:  Undefined offset: 0 in C:\xampp\htdocs\himommy\admin\controller\catalog\product.php on line 1344
2021-10-17 14:39:17 - PHP Notice:  Undefined offset: 0 in C:\xampp\htdocs\himommy\admin\controller\catalog\product.php on line 1344
2021-10-17 14:39:17 - PHP Notice:  Undefined offset: 0 in C:\xampp\htdocs\himommy\admin\controller\catalog\product.php on line 1344
2021-10-17 14:39:17 - PHP Notice:  Undefined offset: 0 in C:\xampp\htdocs\himommy\admin\controller\catalog\product.php on line 1344
2021-10-17 14:39:17 - PHP Notice:  Undefined offset: 0 in C:\xampp\htdocs\himommy\admin\controller\catalog\product.php on line 1344
2021-10-17 14:39:18 - PHP Notice:  Undefined offset: 0 in C:\xampp\htdocs\himommy\admin\controller\catalog\product.php on line 1344
2021-10-17 14:39:19 - PHP Notice:  Undefined offset: 0 in C:\xampp\htdocs\himommy\admin\controller\catalog\product.php on line 1344
2021-10-17 14:39:19 - PHP Notice:  Undefined offset: 0 in C:\xampp\htdocs\himommy\admin\controller\catalog\product.php on line 1344
2021-10-17 14:39:19 - PHP Notice:  Undefined offset: 0 in C:\xampp\htdocs\himommy\admin\controller\catalog\product.php on line 1344
2021-10-17 14:39:19 - PHP Notice:  Undefined offset: 0 in C:\xampp\htdocs\himommy\admin\controller\catalog\product.php on line 1344
2021-10-17 14:41:51 - PHP Notice:  Undefined offset: 0 in C:\xampp\htdocs\himommy\admin\controller\catalog\product.php on line 1344
2021-10-17 14:41:51 - PHP Notice:  Undefined offset: 0 in C:\xampp\htdocs\himommy\admin\controller\catalog\product.php on line 1344
2021-10-17 14:41:51 - PHP Notice:  Undefined offset: 0 in C:\xampp\htdocs\himommy\admin\controller\catalog\product.php on line 1344
2021-10-17 14:41:51 - PHP Notice:  Undefined offset: 0 in C:\xampp\htdocs\himommy\admin\controller\catalog\product.php on line 1344
2021-10-17 14:41:51 - PHP Notice:  Undefined offset: 0 in C:\xampp\htdocs\himommy\admin\controller\catalog\product.php on line 1344
2021-10-17 14:41:51 - PHP Notice:  Undefined offset: 0 in C:\xampp\htdocs\himommy\admin\controller\catalog\product.php on line 1344
2021-10-17 14:41:51 - PHP Notice:  Undefined offset: 0 in C:\xampp\htdocs\himommy\admin\controller\catalog\product.php on line 1344
2021-10-17 14:42:23 - PHP Notice:  Undefined offset: 0 in C:\xampp\htdocs\himommy\admin\controller\catalog\product.php on line 1344
2021-10-17 14:42:23 - PHP Notice:  Undefined offset: 0 in C:\xampp\htdocs\himommy\admin\controller\catalog\product.php on line 1344
2021-10-17 14:42:23 - PHP Notice:  Undefined offset: 0 in C:\xampp\htdocs\himommy\admin\controller\catalog\product.php on line 1344
2021-10-17 14:42:23 - PHP Notice:  Undefined offset: 0 in C:\xampp\htdocs\himommy\admin\controller\catalog\product.php on line 1344
2021-10-17 14:42:23 - PHP Notice:  Undefined offset: 0 in C:\xampp\htdocs\himommy\admin\controller\catalog\product.php on line 1344
2021-10-17 14:42:23 - PHP Notice:  Undefined offset: 0 in C:\xampp\htdocs\himommy\admin\controller\catalog\product.php on line 1344
2021-10-17 14:42:23 - PHP Notice:  Undefined offset: 0 in C:\xampp\htdocs\himommy\admin\controller\catalog\product.php on line 1344
2021-10-17 14:42:36 - PHP Notice:  Undefined offset: 0 in C:\xampp\htdocs\himommy\admin\controller\catalog\product.php on line 1344
2021-10-17 14:42:36 - PHP Notice:  Undefined offset: 0 in C:\xampp\htdocs\himommy\admin\controller\catalog\product.php on line 1344
2021-10-17 14:42:36 - PHP Notice:  Undefined offset: 0 in C:\xampp\htdocs\himommy\admin\controller\catalog\product.php on line 1344
2021-10-17 14:42:36 - PHP Notice:  Undefined offset: 0 in C:\xampp\htdocs\himommy\admin\controller\catalog\product.php on line 1344
2021-10-17 14:42:36 - PHP Notice:  Undefined offset: 0 in C:\xampp\htdocs\himommy\admin\controller\catalog\product.php on line 1344
2021-10-17 14:42:36 - PHP Notice:  Undefined offset: 0 in C:\xampp\htdocs\himommy\admin\controller\catalog\product.php on line 1344
2021-10-17 14:44:15 - PHP Notice:  Undefined offset: 0 in C:\xampp\htdocs\himommy\admin\controller\catalog\product.php on line 1344
2021-10-17 14:44:15 - PHP Notice:  Undefined offset: 0 in C:\xampp\htdocs\himommy\admin\controller\catalog\product.php on line 1344
2021-10-17 14:44:15 - PHP Notice:  Undefined offset: 0 in C:\xampp\htdocs\himommy\admin\controller\catalog\product.php on line 1344
2021-10-17 14:44:15 - PHP Notice:  Undefined offset: 0 in C:\xampp\htdocs\himommy\admin\controller\catalog\product.php on line 1344
2021-10-17 14:44:15 - PHP Notice:  Undefined offset: 0 in C:\xampp\htdocs\himommy\admin\controller\catalog\product.php on line 1344
2021-10-17 14:44:15 - PHP Notice:  Undefined offset: 0 in C:\xampp\htdocs\himommy\admin\controller\catalog\product.php on line 1344
2021-10-17 14:44:37 - PHP Notice:  Undefined offset: 0 in C:\xampp\htdocs\himommy\admin\controller\catalog\product.php on line 1344
2021-10-17 14:44:37 - PHP Notice:  Undefined offset: 0 in C:\xampp\htdocs\himommy\admin\controller\catalog\product.php on line 1344
2021-10-17 14:44:37 - PHP Notice:  Undefined offset: 0 in C:\xampp\htdocs\himommy\admin\controller\catalog\product.php on line 1344
2021-10-17 14:44:37 - PHP Notice:  Undefined offset: 0 in C:\xampp\htdocs\himommy\admin\controller\catalog\product.php on line 1344
2021-10-17 14:44:37 - PHP Notice:  Undefined offset: 0 in C:\xampp\htdocs\himommy\admin\controller\catalog\product.php on line 1344
2021-10-17 14:44:37 - PHP Notice:  Undefined offset: 0 in C:\xampp\htdocs\himommy\admin\controller\catalog\product.php on line 1344
2021-10-17 14:44:37 - PHP Notice:  Undefined offset: 0 in C:\xampp\htdocs\himommy\admin\controller\catalog\product.php on line 1344
2021-10-17 14:45:59 - PHP Notice:  Undefined offset: 0 in C:\xampp\htdocs\himommy\admin\controller\catalog\product.php on line 1344
2021-10-17 14:45:59 - PHP Notice:  Undefined offset: 0 in C:\xampp\htdocs\himommy\admin\controller\catalog\product.php on line 1344
2021-10-17 14:45:59 - PHP Notice:  Undefined offset: 0 in C:\xampp\htdocs\himommy\admin\controller\catalog\product.php on line 1344
2021-10-17 14:45:59 - PHP Notice:  Undefined offset: 0 in C:\xampp\htdocs\himommy\admin\controller\catalog\product.php on line 1344
2021-10-17 14:45:59 - PHP Notice:  Undefined offset: 0 in C:\xampp\htdocs\himommy\admin\controller\catalog\product.php on line 1344
2021-10-17 14:45:59 - PHP Notice:  Undefined offset: 0 in C:\xampp\htdocs\himommy\admin\controller\catalog\product.php on line 1344
2021-10-17 14:45:59 - PHP Notice:  Undefined offset: 0 in C:\xampp\htdocs\himommy\admin\controller\catalog\product.php on line 1344
2021-10-17 14:47:35 - PHP Warning:  mail(): Failed to connect to mailserver at &quot;localhost&quot; port 25, verify your &quot;SMTP&quot; and &quot;smtp_port&quot; setting in php.ini or use ini_set() in C:\xampp\htdocs\himommy\system\library\mail\mail.php on line 77
2021-10-17 14:47:37 - PHP Warning:  mail(): Failed to connect to mailserver at &quot;localhost&quot; port 25, verify your &quot;SMTP&quot; and &quot;smtp_port&quot; setting in php.ini or use ini_set() in C:\xampp\htdocs\himommy\system\library\mail\mail.php on line 77
2021-10-17 15:20:15 - PHP Notice:  Undefined variable: expenditure in C:\xampp\htdocs\himommy\quanly\controller\common\column_left.php on line 679
2021-10-17 15:20:19 - PHP Notice:  Undefined variable: expenditure in C:\xampp\htdocs\himommy\quanly\controller\common\column_left.php on line 679
2021-10-17 15:20:22 - PHP Notice:  Undefined variable: expenditure in C:\xampp\htdocs\himommy\quanly\controller\common\column_left.php on line 679
2021-10-17 15:21:24 - PHP Notice:  Undefined variable: expenditure in C:\xampp\htdocs\himommy\quanly\controller\common\column_left.php on line 679
2021-10-17 15:21:32 - PHP Notice:  Undefined variable: expenditure in C:\xampp\htdocs\himommy\quanly\controller\common\column_left.php on line 679
2021-12-16 14:38:25 - PHP Warning:  mail(): Failed to connect to mailserver at &quot;localhost&quot; port 25, verify your &quot;SMTP&quot; and &quot;smtp_port&quot; setting in php.ini or use ini_set() in C:\xampp\htdocs\atmart\system\library\mail\mail.php on line 77
2021-12-16 14:38:27 - PHP Warning:  mail(): Failed to connect to mailserver at &quot;localhost&quot; port 25, verify your &quot;SMTP&quot; and &quot;smtp_port&quot; setting in php.ini or use ini_set() in C:\xampp\htdocs\atmart\system\library\mail\mail.php on line 77
2021-12-16 15:52:51 - PHP Warning:  mail(): Failed to connect to mailserver at &quot;localhost&quot; port 25, verify your &quot;SMTP&quot; and &quot;smtp_port&quot; setting in php.ini or use ini_set() in C:\xampp\htdocs\atmart\system\library\mail\mail.php on line 77
2021-12-16 15:53:33 - PHP Notice:  Trying to access array offset on value of type bool in C:\xampp\htdocs\atmart\catalog\controller\startup\startup.php on line 166
2021-12-16 15:53:33 - PHP Notice:  Trying to access array offset on value of type bool in C:\xampp\htdocs\atmart\catalog\controller\startup\startup.php on line 166
2021-12-16 15:53:46 - PHP Notice:  Trying to access array offset on value of type bool in C:\xampp\htdocs\atmart\catalog\controller\startup\startup.php on line 166
2021-12-16 15:53:46 - PHP Notice:  Trying to access array offset on value of type bool in C:\xampp\htdocs\atmart\catalog\controller\startup\startup.php on line 166
2021-12-16 15:53:56 - PHP Notice:  Trying to access array offset on value of type bool in C:\xampp\htdocs\atmart\catalog\controller\startup\startup.php on line 166
2021-12-16 15:53:56 - PHP Notice:  Trying to access array offset on value of type bool in C:\xampp\htdocs\atmart\catalog\controller\startup\startup.php on line 166
2021-12-16 15:54:02 - PHP Notice:  Trying to access array offset on value of type bool in C:\xampp\htdocs\atmart\catalog\controller\startup\startup.php on line 166
2021-12-16 15:54:02 - PHP Notice:  Trying to access array offset on value of type bool in C:\xampp\htdocs\atmart\catalog\controller\startup\startup.php on line 166
2021-12-16 15:55:58 - PHP Notice:  Trying to access array offset on value of type bool in C:\xampp\htdocs\atmart\catalog\controller\startup\startup.php on line 166
2021-12-16 15:55:58 - PHP Notice:  Trying to access array offset on value of type bool in C:\xampp\htdocs\atmart\catalog\controller\startup\startup.php on line 166
2021-12-17 10:15:38 - PHP Warning:  mysqli::__construct(): (HY000/2002): No connection could be made because the target machine actively refused it.
 in C:\xampp\htdocs\atmart\system\library\db\mysqli.php on line 7
2021-12-17 10:15:38 - PHP Warning:  DB\MySQLi::__construct(): Couldn't fetch mysqli in C:\xampp\htdocs\atmart\system\library\db\mysqli.php on line 10
2021-12-17 10:15:38 - PHP Warning:  DB\MySQLi::__construct(): Couldn't fetch mysqli in C:\xampp\htdocs\atmart\system\library\db\mysqli.php on line 10
2021-12-17 11:24:15 - PHP Notice:  Undefined index: ean in C:\xampp\htdocs\atmart\admin\model\catalog\product.php on line 4
2021-12-17 11:24:15 - PHP Notice:  Undefined index: jan in C:\xampp\htdocs\atmart\admin\model\catalog\product.php on line 4
2021-12-17 11:24:15 - PHP Notice:  Undefined index: isbn in C:\xampp\htdocs\atmart\admin\model\catalog\product.php on line 4
2021-12-17 11:24:15 - PHP Notice:  Undefined index: mpn in C:\xampp\htdocs\atmart\admin\model\catalog\product.php on line 4
2021-12-17 11:24:58 - PHP Notice:  Undefined index: ean in C:\xampp\htdocs\atmart\admin\model\catalog\product.php on line 138
2021-12-17 11:24:58 - PHP Notice:  Undefined index: jan in C:\xampp\htdocs\atmart\admin\model\catalog\product.php on line 138
2021-12-17 11:24:58 - PHP Notice:  Undefined index: isbn in C:\xampp\htdocs\atmart\admin\model\catalog\product.php on line 138
2021-12-17 11:24:58 - PHP Notice:  Undefined index: mpn in C:\xampp\htdocs\atmart\admin\model\catalog\product.php on line 138
2021-12-17 11:26:20 - PHP Notice:  Undefined index: ean in C:\xampp\htdocs\atmart\admin\model\catalog\product.php on line 138
2021-12-17 11:26:20 - PHP Notice:  Undefined index: jan in C:\xampp\htdocs\atmart\admin\model\catalog\product.php on line 138
2021-12-17 11:26:20 - PHP Notice:  Undefined index: isbn in C:\xampp\htdocs\atmart\admin\model\catalog\product.php on line 138
2021-12-17 11:26:20 - PHP Notice:  Undefined index: mpn in C:\xampp\htdocs\atmart\admin\model\catalog\product.php on line 138
2021-12-17 11:27:20 - PHP Notice:  Undefined index: ean in C:\xampp\htdocs\atmart\admin\model\catalog\product.php on line 138
2021-12-17 11:27:20 - PHP Notice:  Undefined index: jan in C:\xampp\htdocs\atmart\admin\model\catalog\product.php on line 138
2021-12-17 11:27:20 - PHP Notice:  Undefined index: isbn in C:\xampp\htdocs\atmart\admin\model\catalog\product.php on line 138
2021-12-17 11:27:20 - PHP Notice:  Undefined index: mpn in C:\xampp\htdocs\atmart\admin\model\catalog\product.php on line 138
2021-12-17 11:27:54 - PHP Notice:  Undefined index: ean in C:\xampp\htdocs\atmart\admin\model\catalog\product.php on line 138
2021-12-17 11:27:54 - PHP Notice:  Undefined index: jan in C:\xampp\htdocs\atmart\admin\model\catalog\product.php on line 138
2021-12-17 11:27:54 - PHP Notice:  Undefined index: isbn in C:\xampp\htdocs\atmart\admin\model\catalog\product.php on line 138
2021-12-17 11:27:54 - PHP Notice:  Undefined index: mpn in C:\xampp\htdocs\atmart\admin\model\catalog\product.php on line 138
2021-12-17 11:28:50 - PHP Notice:  Undefined index: ean in C:\xampp\htdocs\atmart\admin\model\catalog\product.php on line 138
2021-12-17 11:28:50 - PHP Notice:  Undefined index: jan in C:\xampp\htdocs\atmart\admin\model\catalog\product.php on line 138
2021-12-17 11:28:50 - PHP Notice:  Undefined index: isbn in C:\xampp\htdocs\atmart\admin\model\catalog\product.php on line 138
2021-12-17 11:28:50 - PHP Notice:  Undefined index: mpn in C:\xampp\htdocs\atmart\admin\model\catalog\product.php on line 138
2021-12-17 11:29:44 - PHP Notice:  Undefined index: ean in C:\xampp\htdocs\atmart\admin\model\catalog\product.php on line 138
2021-12-17 11:29:44 - PHP Notice:  Undefined index: jan in C:\xampp\htdocs\atmart\admin\model\catalog\product.php on line 138
2021-12-17 11:29:44 - PHP Notice:  Undefined index: isbn in C:\xampp\htdocs\atmart\admin\model\catalog\product.php on line 138
2021-12-17 11:29:44 - PHP Notice:  Undefined index: mpn in C:\xampp\htdocs\atmart\admin\model\catalog\product.php on line 138
2021-12-17 11:30:09 - PHP Notice:  Undefined index: ean in C:\xampp\htdocs\atmart\admin\model\catalog\product.php on line 138
2021-12-17 11:30:09 - PHP Notice:  Undefined index: jan in C:\xampp\htdocs\atmart\admin\model\catalog\product.php on line 138
2021-12-17 11:30:09 - PHP Notice:  Undefined index: isbn in C:\xampp\htdocs\atmart\admin\model\catalog\product.php on line 138
2021-12-17 11:30:09 - PHP Notice:  Undefined index: mpn in C:\xampp\htdocs\atmart\admin\model\catalog\product.php on line 138
2021-12-17 12:22:58 - PHP Notice:  Undefined index: ean in C:\xampp\htdocs\atmart\admin\model\catalog\product.php on line 138
2021-12-17 12:22:58 - PHP Notice:  Undefined index: jan in C:\xampp\htdocs\atmart\admin\model\catalog\product.php on line 138
2021-12-17 12:22:58 - PHP Notice:  Undefined index: isbn in C:\xampp\htdocs\atmart\admin\model\catalog\product.php on line 138
2021-12-17 12:22:58 - PHP Notice:  Undefined index: mpn in C:\xampp\htdocs\atmart\admin\model\catalog\product.php on line 138
2021-12-17 13:18:30 - PHP Warning:  mysqli::__construct(): (HY000/2002): No connection could be made because the target machine actively refused it.
 in C:\xampp\htdocs\atmart\system\library\db\mysqli.php on line 7
2021-12-17 13:18:30 - PHP Warning:  DB\MySQLi::__construct(): Couldn't fetch mysqli in C:\xampp\htdocs\atmart\system\library\db\mysqli.php on line 10
2021-12-17 13:18:30 - PHP Warning:  DB\MySQLi::__construct(): Couldn't fetch mysqli in C:\xampp\htdocs\atmart\system\library\db\mysqli.php on line 10
2021-12-17 13:54:09 - PHP Notice:  Undefined index: ean in C:\xampp\htdocs\atmart\admin\model\catalog\product.php on line 4
2021-12-17 13:54:09 - PHP Notice:  Undefined index: jan in C:\xampp\htdocs\atmart\admin\model\catalog\product.php on line 4
2021-12-17 13:54:09 - PHP Notice:  Undefined index: isbn in C:\xampp\htdocs\atmart\admin\model\catalog\product.php on line 4
2021-12-17 13:54:09 - PHP Notice:  Undefined index: mpn in C:\xampp\htdocs\atmart\admin\model\catalog\product.php on line 4
2021-12-17 13:54:18 - PHP Notice:  Undefined index: ean in C:\xampp\htdocs\atmart\admin\model\catalog\product.php on line 138
2021-12-17 13:54:18 - PHP Notice:  Undefined index: jan in C:\xampp\htdocs\atmart\admin\model\catalog\product.php on line 138
2021-12-17 13:54:18 - PHP Notice:  Undefined index: isbn in C:\xampp\htdocs\atmart\admin\model\catalog\product.php on line 138
2021-12-17 13:54:18 - PHP Notice:  Undefined index: mpn in C:\xampp\htdocs\atmart\admin\model\catalog\product.php on line 138
2021-12-17 14:08:47 - PHP Notice:  Undefined index: ean in C:\xampp\htdocs\atmart\admin\model\catalog\product.php on line 138
2021-12-17 14:08:47 - PHP Notice:  Undefined index: jan in C:\xampp\htdocs\atmart\admin\model\catalog\product.php on line 138
2021-12-17 14:08:47 - PHP Notice:  Undefined index: isbn in C:\xampp\htdocs\atmart\admin\model\catalog\product.php on line 138
2021-12-17 14:08:47 - PHP Notice:  Undefined index: mpn in C:\xampp\htdocs\atmart\admin\model\catalog\product.php on line 138
2021-12-17 14:12:40 - PHP Notice:  Undefined index: ean in C:\xampp\htdocs\atmart\admin\model\catalog\product.php on line 4
2021-12-17 14:12:40 - PHP Notice:  Undefined index: jan in C:\xampp\htdocs\atmart\admin\model\catalog\product.php on line 4
2021-12-17 14:12:40 - PHP Notice:  Undefined index: isbn in C:\xampp\htdocs\atmart\admin\model\catalog\product.php on line 4
2021-12-17 14:12:40 - PHP Notice:  Undefined index: mpn in C:\xampp\htdocs\atmart\admin\model\catalog\product.php on line 4
2021-12-17 14:16:59 - PHP Notice:  Undefined index: ean in C:\xampp\htdocs\atmart\admin\model\catalog\product.php on line 4
2021-12-17 14:16:59 - PHP Notice:  Undefined index: jan in C:\xampp\htdocs\atmart\admin\model\catalog\product.php on line 4
2021-12-17 14:16:59 - PHP Notice:  Undefined index: isbn in C:\xampp\htdocs\atmart\admin\model\catalog\product.php on line 4
2021-12-17 14:16:59 - PHP Notice:  Undefined index: mpn in C:\xampp\htdocs\atmart\admin\model\catalog\product.php on line 4
2021-12-17 14:21:37 - PHP Notice:  Undefined index: ean in C:\xampp\htdocs\atmart\admin\model\catalog\product.php on line 4
2021-12-17 14:21:37 - PHP Notice:  Undefined index: jan in C:\xampp\htdocs\atmart\admin\model\catalog\product.php on line 4
2021-12-17 14:21:37 - PHP Notice:  Undefined index: isbn in C:\xampp\htdocs\atmart\admin\model\catalog\product.php on line 4
2021-12-17 14:21:37 - PHP Notice:  Undefined index: mpn in C:\xampp\htdocs\atmart\admin\model\catalog\product.php on line 4
2021-12-17 14:24:55 - PHP Notice:  Undefined index: ean in C:\xampp\htdocs\atmart\admin\model\catalog\product.php on line 4
2021-12-17 14:24:55 - PHP Notice:  Undefined index: jan in C:\xampp\htdocs\atmart\admin\model\catalog\product.php on line 4
2021-12-17 14:24:55 - PHP Notice:  Undefined index: isbn in C:\xampp\htdocs\atmart\admin\model\catalog\product.php on line 4
2021-12-17 14:24:55 - PHP Notice:  Undefined index: mpn in C:\xampp\htdocs\atmart\admin\model\catalog\product.php on line 4
2021-12-17 14:30:59 - PHP Notice:  Undefined index: ean in C:\xampp\htdocs\atmart\admin\model\catalog\product.php on line 4
2021-12-17 14:30:59 - PHP Notice:  Undefined index: jan in C:\xampp\htdocs\atmart\admin\model\catalog\product.php on line 4
2021-12-17 14:30:59 - PHP Notice:  Undefined index: isbn in C:\xampp\htdocs\atmart\admin\model\catalog\product.php on line 4
2021-12-17 14:30:59 - PHP Notice:  Undefined index: mpn in C:\xampp\htdocs\atmart\admin\model\catalog\product.php on line 4
2021-12-17 14:34:58 - PHP Notice:  Undefined index: ean in C:\xampp\htdocs\atmart\admin\model\catalog\product.php on line 138
2021-12-17 14:34:58 - PHP Notice:  Undefined index: jan in C:\xampp\htdocs\atmart\admin\model\catalog\product.php on line 138
2021-12-17 14:34:58 - PHP Notice:  Undefined index: isbn in C:\xampp\htdocs\atmart\admin\model\catalog\product.php on line 138
2021-12-17 14:34:58 - PHP Notice:  Undefined index: mpn in C:\xampp\htdocs\atmart\admin\model\catalog\product.php on line 138
2021-12-18 14:38:28 - PHP Notice:  Undefined index: ean in C:\xampp\htdocs\atmart\admin\model\catalog\product.php on line 138
2021-12-18 14:38:28 - PHP Notice:  Undefined index: jan in C:\xampp\htdocs\atmart\admin\model\catalog\product.php on line 138
2021-12-18 14:38:28 - PHP Notice:  Undefined index: isbn in C:\xampp\htdocs\atmart\admin\model\catalog\product.php on line 138
2021-12-18 14:38:28 - PHP Notice:  Undefined index: mpn in C:\xampp\htdocs\atmart\admin\model\catalog\product.php on line 138
2021-12-18 14:54:13 - PHP Warning:  mail(): Failed to connect to mailserver at &quot;localhost&quot; port 25, verify your &quot;SMTP&quot; and &quot;smtp_port&quot; setting in php.ini or use ini_set() in C:\xampp\htdocs\atmart\system\library\mail\mail.php on line 77
2021-12-18 14:54:15 - PHP Warning:  mail(): Failed to connect to mailserver at &quot;localhost&quot; port 25, verify your &quot;SMTP&quot; and &quot;smtp_port&quot; setting in php.ini or use ini_set() in C:\xampp\htdocs\atmart\system\library\mail\mail.php on line 77
2021-12-18 15:09:39 - PHP Notice:  Undefined index: ean in C:\xampp\htdocs\atmart\admin\model\catalog\product.php on line 138
2021-12-18 15:09:39 - PHP Notice:  Undefined index: jan in C:\xampp\htdocs\atmart\admin\model\catalog\product.php on line 138
2021-12-18 15:09:39 - PHP Notice:  Undefined index: isbn in C:\xampp\htdocs\atmart\admin\model\catalog\product.php on line 138
2021-12-18 15:09:39 - PHP Notice:  Undefined index: mpn in C:\xampp\htdocs\atmart\admin\model\catalog\product.php on line 138
2021-12-18 15:20:10 - PHP Notice:  Undefined index: ean in C:\xampp\htdocs\atmart\admin\model\catalog\product.php on line 138
2021-12-18 15:20:10 - PHP Notice:  Undefined index: jan in C:\xampp\htdocs\atmart\admin\model\catalog\product.php on line 138
2021-12-18 15:20:10 - PHP Notice:  Undefined index: isbn in C:\xampp\htdocs\atmart\admin\model\catalog\product.php on line 138
2021-12-18 15:20:10 - PHP Notice:  Undefined index: mpn in C:\xampp\htdocs\atmart\admin\model\catalog\product.php on line 138
2021-12-18 15:22:46 - PHP Notice:  Undefined index: ean in C:\xampp\htdocs\atmart\admin\model\catalog\product.php on line 138
2021-12-18 15:22:46 - PHP Notice:  Undefined index: jan in C:\xampp\htdocs\atmart\admin\model\catalog\product.php on line 138
2021-12-18 15:22:46 - PHP Notice:  Undefined index: isbn in C:\xampp\htdocs\atmart\admin\model\catalog\product.php on line 138
2021-12-18 15:22:46 - PHP Notice:  Undefined index: mpn in C:\xampp\htdocs\atmart\admin\model\catalog\product.php on line 138
2021-12-18 15:26:42 - PHP Notice:  Undefined index: ean in C:\xampp\htdocs\atmart\admin\model\catalog\product.php on line 138
2021-12-18 15:26:42 - PHP Notice:  Undefined index: jan in C:\xampp\htdocs\atmart\admin\model\catalog\product.php on line 138
2021-12-18 15:26:42 - PHP Notice:  Undefined index: isbn in C:\xampp\htdocs\atmart\admin\model\catalog\product.php on line 138
2021-12-18 15:26:42 - PHP Notice:  Undefined index: mpn in C:\xampp\htdocs\atmart\admin\model\catalog\product.php on line 138
2021-12-18 15:27:08 - PHP Notice:  Undefined index: ean in C:\xampp\htdocs\atmart\admin\model\catalog\product.php on line 138
2021-12-18 15:27:08 - PHP Notice:  Undefined index: jan in C:\xampp\htdocs\atmart\admin\model\catalog\product.php on line 138
2021-12-18 15:27:08 - PHP Notice:  Undefined index: isbn in C:\xampp\htdocs\atmart\admin\model\catalog\product.php on line 138
2021-12-18 15:27:08 - PHP Notice:  Undefined index: mpn in C:\xampp\htdocs\atmart\admin\model\catalog\product.php on line 138
2021-12-18 15:32:33 - PHP Notice:  Undefined index: ean in C:\xampp\htdocs\atmart\admin\model\catalog\product.php on line 138
2021-12-18 15:32:33 - PHP Notice:  Undefined index: jan in C:\xampp\htdocs\atmart\admin\model\catalog\product.php on line 138
2021-12-18 15:32:33 - PHP Notice:  Undefined index: isbn in C:\xampp\htdocs\atmart\admin\model\catalog\product.php on line 138
2021-12-18 15:32:33 - PHP Notice:  Undefined index: mpn in C:\xampp\htdocs\atmart\admin\model\catalog\product.php on line 138
2021-12-18 15:34:03 - PHP Notice:  Undefined index: ean in C:\xampp\htdocs\atmart\admin\model\catalog\product.php on line 138
2021-12-18 15:34:03 - PHP Notice:  Undefined index: jan in C:\xampp\htdocs\atmart\admin\model\catalog\product.php on line 138
2021-12-18 15:34:03 - PHP Notice:  Undefined index: isbn in C:\xampp\htdocs\atmart\admin\model\catalog\product.php on line 138
2021-12-18 15:34:03 - PHP Notice:  Undefined index: mpn in C:\xampp\htdocs\atmart\admin\model\catalog\product.php on line 138
2021-12-18 16:46:53 - PHP Warning:  mail(): Failed to connect to mailserver at &quot;localhost&quot; port 25, verify your &quot;SMTP&quot; and &quot;smtp_port&quot; setting in php.ini or use ini_set() in C:\xampp\htdocs\atmart\system\library\mail\mail.php on line 77
2021-12-18 16:48:31 - PHP Notice:  Undefined index: ean in C:\xampp\htdocs\atmart\admin\model\catalog\product.php on line 138
2021-12-18 16:48:31 - PHP Notice:  Undefined index: jan in C:\xampp\htdocs\atmart\admin\model\catalog\product.php on line 138
2021-12-18 16:48:31 - PHP Notice:  Undefined index: isbn in C:\xampp\htdocs\atmart\admin\model\catalog\product.php on line 138
2021-12-18 16:48:31 - PHP Notice:  Undefined index: mpn in C:\xampp\htdocs\atmart\admin\model\catalog\product.php on line 138
2021-12-18 16:48:31 - PHP Notice:  Undefined index: tax_class_id in C:\xampp\htdocs\atmart\admin\model\catalog\product.php on line 138
2021-12-18 17:00:10 - PHP Warning:  mail(): Failed to connect to mailserver at &quot;localhost&quot; port 25, verify your &quot;SMTP&quot; and &quot;smtp_port&quot; setting in php.ini or use ini_set() in C:\xampp\htdocs\atmart\system\library\mail\mail.php on line 77
2021-12-18 17:00:33 - PHP Warning:  mail(): Failed to connect to mailserver at &quot;localhost&quot; port 25, verify your &quot;SMTP&quot; and &quot;smtp_port&quot; setting in php.ini or use ini_set() in C:\xampp\htdocs\atmart\system\library\mail\mail.php on line 77
2021-12-19 7:42:52 - PHP Notice:  Undefined index: ean in C:\xampp\htdocs\atmart\quanly\model\catalog\product.php on line 4
2021-12-19 7:42:52 - PHP Notice:  Undefined index: jan in C:\xampp\htdocs\atmart\quanly\model\catalog\product.php on line 4
2021-12-19 7:42:52 - PHP Notice:  Undefined index: isbn in C:\xampp\htdocs\atmart\quanly\model\catalog\product.php on line 4
2021-12-19 7:42:52 - PHP Notice:  Undefined index: mpn in C:\xampp\htdocs\atmart\quanly\model\catalog\product.php on line 4
2021-12-19 7:42:52 - PHP Notice:  Undefined index: tax_class_id in C:\xampp\htdocs\atmart\quanly\model\catalog\product.php on line 4
2021-12-19 7:43:30 - PHP Notice:  Undefined index: ean in C:\xampp\htdocs\atmart\quanly\model\catalog\product.php on line 138
2021-12-19 7:43:30 - PHP Notice:  Undefined index: jan in C:\xampp\htdocs\atmart\quanly\model\catalog\product.php on line 138
2021-12-19 7:43:30 - PHP Notice:  Undefined index: isbn in C:\xampp\htdocs\atmart\quanly\model\catalog\product.php on line 138
2021-12-19 7:43:30 - PHP Notice:  Undefined index: mpn in C:\xampp\htdocs\atmart\quanly\model\catalog\product.php on line 138
2021-12-19 7:43:30 - PHP Notice:  Undefined index: tax_class_id in C:\xampp\htdocs\atmart\quanly\model\catalog\product.php on line 138
2021-12-19 7:44:22 - PHP Notice:  Undefined index: ean in C:\xampp\htdocs\atmart\quanly\model\catalog\product.php on line 138
2021-12-19 7:44:22 - PHP Notice:  Undefined index: jan in C:\xampp\htdocs\atmart\quanly\model\catalog\product.php on line 138
2021-12-19 7:44:22 - PHP Notice:  Undefined index: isbn in C:\xampp\htdocs\atmart\quanly\model\catalog\product.php on line 138
2021-12-19 7:44:22 - PHP Notice:  Undefined index: mpn in C:\xampp\htdocs\atmart\quanly\model\catalog\product.php on line 138
2021-12-19 7:44:22 - PHP Notice:  Undefined index: tax_class_id in C:\xampp\htdocs\atmart\quanly\model\catalog\product.php on line 138
2021-12-19 7:44:43 - PHP Notice:  Undefined index: ean in C:\xampp\htdocs\atmart\quanly\model\catalog\product.php on line 138
2021-12-19 7:44:43 - PHP Notice:  Undefined index: jan in C:\xampp\htdocs\atmart\quanly\model\catalog\product.php on line 138
2021-12-19 7:44:43 - PHP Notice:  Undefined index: isbn in C:\xampp\htdocs\atmart\quanly\model\catalog\product.php on line 138
2021-12-19 7:44:43 - PHP Notice:  Undefined index: mpn in C:\xampp\htdocs\atmart\quanly\model\catalog\product.php on line 138
2021-12-19 7:44:43 - PHP Notice:  Undefined index: tax_class_id in C:\xampp\htdocs\atmart\quanly\model\catalog\product.php on line 138
2021-12-19 7:45:24 - PHP Notice:  Undefined index: ean in C:\xampp\htdocs\atmart\quanly\model\catalog\product.php on line 138
2021-12-19 7:45:24 - PHP Notice:  Undefined index: jan in C:\xampp\htdocs\atmart\quanly\model\catalog\product.php on line 138
2021-12-19 7:45:24 - PHP Notice:  Undefined index: isbn in C:\xampp\htdocs\atmart\quanly\model\catalog\product.php on line 138
2021-12-19 7:45:24 - PHP Notice:  Undefined index: mpn in C:\xampp\htdocs\atmart\quanly\model\catalog\product.php on line 138
2021-12-19 7:45:24 - PHP Notice:  Undefined index: tax_class_id in C:\xampp\htdocs\atmart\quanly\model\catalog\product.php on line 138
2021-12-19 7:45:42 - PHP Notice:  Undefined index: ean in C:\xampp\htdocs\atmart\quanly\model\catalog\product.php on line 138
2021-12-19 7:45:42 - PHP Notice:  Undefined index: jan in C:\xampp\htdocs\atmart\quanly\model\catalog\product.php on line 138
2021-12-19 7:45:42 - PHP Notice:  Undefined index: isbn in C:\xampp\htdocs\atmart\quanly\model\catalog\product.php on line 138
2021-12-19 7:45:42 - PHP Notice:  Undefined index: mpn in C:\xampp\htdocs\atmart\quanly\model\catalog\product.php on line 138
2021-12-19 7:45:42 - PHP Notice:  Undefined index: tax_class_id in C:\xampp\htdocs\atmart\quanly\model\catalog\product.php on line 138
2021-12-19 7:46:33 - PHP Notice:  Undefined index: ean in C:\xampp\htdocs\atmart\quanly\model\catalog\product.php on line 138
2021-12-19 7:46:33 - PHP Notice:  Undefined index: jan in C:\xampp\htdocs\atmart\quanly\model\catalog\product.php on line 138
2021-12-19 7:46:33 - PHP Notice:  Undefined index: isbn in C:\xampp\htdocs\atmart\quanly\model\catalog\product.php on line 138
2021-12-19 7:46:33 - PHP Notice:  Undefined index: mpn in C:\xampp\htdocs\atmart\quanly\model\catalog\product.php on line 138
2021-12-19 7:46:33 - PHP Notice:  Undefined index: tax_class_id in C:\xampp\htdocs\atmart\quanly\model\catalog\product.php on line 138
2021-12-19 7:48:10 - PHP Notice:  Undefined index: ean in C:\xampp\htdocs\atmart\admin\model\catalog\product.php on line 138
2021-12-19 7:48:10 - PHP Notice:  Undefined index: jan in C:\xampp\htdocs\atmart\admin\model\catalog\product.php on line 138
2021-12-19 7:48:10 - PHP Notice:  Undefined index: isbn in C:\xampp\htdocs\atmart\admin\model\catalog\product.php on line 138
2021-12-19 7:48:10 - PHP Notice:  Undefined index: mpn in C:\xampp\htdocs\atmart\admin\model\catalog\product.php on line 138
2021-12-19 7:48:10 - PHP Notice:  Undefined index: tax_class_id in C:\xampp\htdocs\atmart\admin\model\catalog\product.php on line 138
2021-12-19 7:48:41 - PHP Notice:  Undefined index: ean in C:\xampp\htdocs\atmart\admin\model\catalog\product.php on line 138
2021-12-19 7:48:41 - PHP Notice:  Undefined index: jan in C:\xampp\htdocs\atmart\admin\model\catalog\product.php on line 138
2021-12-19 7:48:41 - PHP Notice:  Undefined index: isbn in C:\xampp\htdocs\atmart\admin\model\catalog\product.php on line 138
2021-12-19 7:48:41 - PHP Notice:  Undefined index: mpn in C:\xampp\htdocs\atmart\admin\model\catalog\product.php on line 138
2021-12-19 7:48:41 - PHP Notice:  Undefined index: tax_class_id in C:\xampp\htdocs\atmart\admin\model\catalog\product.php on line 138
2021-12-19 7:52:38 - PHP Notice:  Undefined index: ean in C:\xampp\htdocs\atmart\admin\model\catalog\product.php on line 138
2021-12-19 7:52:38 - PHP Notice:  Undefined index: jan in C:\xampp\htdocs\atmart\admin\model\catalog\product.php on line 138
2021-12-19 7:52:38 - PHP Notice:  Undefined index: isbn in C:\xampp\htdocs\atmart\admin\model\catalog\product.php on line 138
2021-12-19 7:52:38 - PHP Notice:  Undefined index: mpn in C:\xampp\htdocs\atmart\admin\model\catalog\product.php on line 138
2021-12-19 7:52:38 - PHP Notice:  Undefined index: tax_class_id in C:\xampp\htdocs\atmart\admin\model\catalog\product.php on line 138
2021-12-19 8:03:02 - PHP Notice:  Undefined index: ean in C:\xampp\htdocs\atmart\admin\model\catalog\product.php on line 138
2021-12-19 8:03:02 - PHP Notice:  Undefined index: jan in C:\xampp\htdocs\atmart\admin\model\catalog\product.php on line 138
2021-12-19 8:03:02 - PHP Notice:  Undefined index: isbn in C:\xampp\htdocs\atmart\admin\model\catalog\product.php on line 138
2021-12-19 8:03:02 - PHP Notice:  Undefined index: mpn in C:\xampp\htdocs\atmart\admin\model\catalog\product.php on line 138
2021-12-19 8:03:02 - PHP Notice:  Undefined index: tax_class_id in C:\xampp\htdocs\atmart\admin\model\catalog\product.php on line 138
2021-12-19 8:09:14 - PHP Notice:  Undefined index: ean in C:\xampp\htdocs\atmart\admin\model\catalog\product.php on line 138
2021-12-19 8:09:14 - PHP Notice:  Undefined index: jan in C:\xampp\htdocs\atmart\admin\model\catalog\product.php on line 138
2021-12-19 8:09:14 - PHP Notice:  Undefined index: isbn in C:\xampp\htdocs\atmart\admin\model\catalog\product.php on line 138
2021-12-19 8:09:14 - PHP Notice:  Undefined index: mpn in C:\xampp\htdocs\atmart\admin\model\catalog\product.php on line 138
2021-12-19 8:09:14 - PHP Notice:  Undefined index: tax_class_id in C:\xampp\htdocs\atmart\admin\model\catalog\product.php on line 138
2021-12-19 8:09:25 - PHP Notice:  Undefined index: ean in C:\xampp\htdocs\atmart\admin\model\catalog\product.php on line 138
2021-12-19 8:09:25 - PHP Notice:  Undefined index: jan in C:\xampp\htdocs\atmart\admin\model\catalog\product.php on line 138
2021-12-19 8:09:25 - PHP Notice:  Undefined index: isbn in C:\xampp\htdocs\atmart\admin\model\catalog\product.php on line 138
2021-12-19 8:09:25 - PHP Notice:  Undefined index: mpn in C:\xampp\htdocs\atmart\admin\model\catalog\product.php on line 138
2021-12-19 8:09:25 - PHP Notice:  Undefined index: tax_class_id in C:\xampp\htdocs\atmart\admin\model\catalog\product.php on line 138
2021-12-19 8:31:12 - PHP Notice:  Undefined index: ean in C:\xampp\htdocs\atmart\admin\model\catalog\product.php on line 4
2021-12-19 8:31:12 - PHP Notice:  Undefined index: jan in C:\xampp\htdocs\atmart\admin\model\catalog\product.php on line 4
2021-12-19 8:31:12 - PHP Notice:  Undefined index: isbn in C:\xampp\htdocs\atmart\admin\model\catalog\product.php on line 4
2021-12-19 8:31:12 - PHP Notice:  Undefined index: mpn in C:\xampp\htdocs\atmart\admin\model\catalog\product.php on line 4
2021-12-19 8:31:12 - PHP Notice:  Undefined index: tax_class_id in C:\xampp\htdocs\atmart\admin\model\catalog\product.php on line 4
2021-12-19 8:31:49 - PHP Notice:  Undefined index: ean in C:\xampp\htdocs\atmart\admin\model\catalog\product.php on line 138
2021-12-19 8:31:49 - PHP Notice:  Undefined index: jan in C:\xampp\htdocs\atmart\admin\model\catalog\product.php on line 138
2021-12-19 8:31:49 - PHP Notice:  Undefined index: isbn in C:\xampp\htdocs\atmart\admin\model\catalog\product.php on line 138
2021-12-19 8:31:49 - PHP Notice:  Undefined index: mpn in C:\xampp\htdocs\atmart\admin\model\catalog\product.php on line 138
2021-12-19 8:31:49 - PHP Notice:  Undefined index: tax_class_id in C:\xampp\htdocs\atmart\admin\model\catalog\product.php on line 138
2021-12-19 8:35:37 - PHP Notice:  Undefined index: ean in C:\xampp\htdocs\atmart\admin\model\catalog\product.php on line 138
2021-12-19 8:35:37 - PHP Notice:  Undefined index: jan in C:\xampp\htdocs\atmart\admin\model\catalog\product.php on line 138
2021-12-19 8:35:37 - PHP Notice:  Undefined index: isbn in C:\xampp\htdocs\atmart\admin\model\catalog\product.php on line 138
2021-12-19 8:35:37 - PHP Notice:  Undefined index: mpn in C:\xampp\htdocs\atmart\admin\model\catalog\product.php on line 138
2021-12-19 8:35:37 - PHP Notice:  Undefined index: tax_class_id in C:\xampp\htdocs\atmart\admin\model\catalog\product.php on line 138
2021-12-19 8:51:59 - PHP Notice:  Undefined index: ean in C:\xampp\htdocs\atmart\admin\model\catalog\product.php on line 4
2021-12-19 8:51:59 - PHP Notice:  Undefined index: jan in C:\xampp\htdocs\atmart\admin\model\catalog\product.php on line 4
2021-12-19 8:51:59 - PHP Notice:  Undefined index: isbn in C:\xampp\htdocs\atmart\admin\model\catalog\product.php on line 4
2021-12-19 8:51:59 - PHP Notice:  Undefined index: mpn in C:\xampp\htdocs\atmart\admin\model\catalog\product.php on line 4
2021-12-19 8:51:59 - PHP Notice:  Undefined index: tax_class_id in C:\xampp\htdocs\atmart\admin\model\catalog\product.php on line 4
2021-12-19 8:53:40 - PHP Notice:  Undefined index: ean in C:\xampp\htdocs\atmart\admin\model\catalog\product.php on line 138
2021-12-19 8:53:40 - PHP Notice:  Undefined index: jan in C:\xampp\htdocs\atmart\admin\model\catalog\product.php on line 138
2021-12-19 8:53:40 - PHP Notice:  Undefined index: isbn in C:\xampp\htdocs\atmart\admin\model\catalog\product.php on line 138
2021-12-19 8:53:40 - PHP Notice:  Undefined index: mpn in C:\xampp\htdocs\atmart\admin\model\catalog\product.php on line 138
2021-12-19 8:53:40 - PHP Notice:  Undefined index: tax_class_id in C:\xampp\htdocs\atmart\admin\model\catalog\product.php on line 138
2021-12-19 8:58:48 - PHP Notice:  Undefined index: ean in C:\xampp\htdocs\atmart\admin\model\catalog\product.php on line 4
2021-12-19 8:58:48 - PHP Notice:  Undefined index: jan in C:\xampp\htdocs\atmart\admin\model\catalog\product.php on line 4
2021-12-19 8:58:48 - PHP Notice:  Undefined index: isbn in C:\xampp\htdocs\atmart\admin\model\catalog\product.php on line 4
2021-12-19 8:58:48 - PHP Notice:  Undefined index: mpn in C:\xampp\htdocs\atmart\admin\model\catalog\product.php on line 4
2021-12-19 8:58:48 - PHP Notice:  Undefined index: tax_class_id in C:\xampp\htdocs\atmart\admin\model\catalog\product.php on line 4
2021-12-19 9:00:41 - PHP Notice:  Undefined index: ean in C:\xampp\htdocs\atmart\admin\model\catalog\product.php on line 138
2021-12-19 9:00:41 - PHP Notice:  Undefined index: jan in C:\xampp\htdocs\atmart\admin\model\catalog\product.php on line 138
2021-12-19 9:00:41 - PHP Notice:  Undefined index: isbn in C:\xampp\htdocs\atmart\admin\model\catalog\product.php on line 138
2021-12-19 9:00:41 - PHP Notice:  Undefined index: mpn in C:\xampp\htdocs\atmart\admin\model\catalog\product.php on line 138
2021-12-19 9:00:41 - PHP Notice:  Undefined index: tax_class_id in C:\xampp\htdocs\atmart\admin\model\catalog\product.php on line 138
2021-12-19 9:03:33 - PHP Notice:  Undefined index: ean in C:\xampp\htdocs\atmart\admin\model\catalog\product.php on line 138
2021-12-19 9:03:33 - PHP Notice:  Undefined index: jan in C:\xampp\htdocs\atmart\admin\model\catalog\product.php on line 138
2021-12-19 9:03:33 - PHP Notice:  Undefined index: isbn in C:\xampp\htdocs\atmart\admin\model\catalog\product.php on line 138
2021-12-19 9:03:33 - PHP Notice:  Undefined index: mpn in C:\xampp\htdocs\atmart\admin\model\catalog\product.php on line 138
2021-12-19 9:03:33 - PHP Notice:  Undefined index: tax_class_id in C:\xampp\htdocs\atmart\admin\model\catalog\product.php on line 138
2021-12-19 9:05:35 - PHP Warning:  mail(): Failed to connect to mailserver at &quot;localhost&quot; port 25, verify your &quot;SMTP&quot; and &quot;smtp_port&quot; setting in php.ini or use ini_set() in C:\xampp\htdocs\atmart\system\library\mail\mail.php on line 77
2021-12-19 9:05:37 - PHP Warning:  mail(): Failed to connect to mailserver at &quot;localhost&quot; port 25, verify your &quot;SMTP&quot; and &quot;smtp_port&quot; setting in php.ini or use ini_set() in C:\xampp\htdocs\atmart\system\library\mail\mail.php on line 77
